The system is: Darwin - 18.5.0 - x86_64
Compiling the C compiler identification source file "CMakeCCompilerId.c" succeeded.
Compiler: /Library/Developer/CommandLineTools/usr/bin/cc 
Build flags: 
Id flags:  

The output was:
0


Compilation of the C compiler identification source "CMakeCCompilerId.c" produced "a.out"

The C compiler identification is AppleClang, found in "/Users/maestrotrastanechora/Downloads/New OTTD/openttd-1.11.2/build/CMakeFiles/3.20.3/CompilerIdC/a.out"

Compiling the CXX compiler identification source file "CMakeCXXCompilerId.cpp" succeeded.
Compiler: /Library/Developer/CommandLineTools/usr/bin/c++ 
Build flags: 
Id flags:  

The output was:
0


Compilation of the CXX compiler identification source "CMakeCXXCompilerId.cpp" produced "a.out"

The CXX compiler identification is AppleClang, found in "/Users/maestrotrastanechora/Downloads/New OTTD/openttd-1.11.2/build/CMakeFiles/3.20.3/CompilerIdCXX/a.out"

Detecting C compiler ABI info compiled with the following output:
Change Dir: /Users/maestrotrastanechora/Downloads/New OTTD/openttd-1.11.2/build/CMakeFiles/CMakeTmp

Run Build Command(s):/usr/bin/make -f Makefile cmTC_a2024/fast && /Library/Developer/CommandLineTools/usr/bin/make  -f CMakeFiles/cmTC_a2024.dir/build.make CMakeFiles/cmTC_a2024.dir/build
Building C object CMakeFiles/cmTC_a2024.dir/CMakeCCompilerABI.c.o
/Library/Developer/CommandLineTools/usr/bin/cc   -isysroot /Library/Developer/CommandLineTools/SDKs/MacOSX10.14.sdk   -v -Wl,-v -MD -MT CMakeFiles/cmTC_a2024.dir/CMakeCCompilerABI.c.o -MF CMakeFiles/cmTC_a2024.dir/CMakeCCompilerABI.c.o.d -o CMakeFiles/cmTC_a2024.dir/CMakeCCompilerABI.c.o -c /usr/local/Cellar/cmake/3.20.3/share/cmake/Modules/CMakeCCompilerABI.c
Apple LLVM version 10.0.1 (clang-1001.0.46.4)
Target: x86_64-apple-darwin18.5.0
Thread model: posix
InstalledDir: /Library/Developer/CommandLineTools/usr/bin
clang: warning: -Wl,-v: 'linker' input unused [-Wunused-command-line-argument]
 "/Library/Developer/CommandLineTools/usr/bin/clang" -cc1 -triple x86_64-apple-macosx10.14.0 -Wdeprecated-objc-isa-usage -Werror=deprecated-objc-isa-usage -emit-obj -mrelax-all -disable-free -disable-llvm-verifier -discard-value-names -main-file-name CMakeCCompilerABI.c -mrelocation-model pic -pic-level 2 -mthread-model posix -mdisable-fp-elim -fno-strict-return -masm-verbose -munwind-tables -target-sdk-version=10.14 -target-cpu penryn -dwarf-column-info -debugger-tuning=lldb -target-linker-version 450.3 -v -coverage-notes-file /Users/maestrotrastanechora/Downloads/New OTTD/openttd-1.11.2/build/CMakeFiles/CMakeTmp/CMakeFiles/cmTC_a2024.dir/CMakeCCompilerABI.c.gcno -resource-dir /Library/Developer/CommandLineTools/usr/lib/clang/10.0.1 -dependency-file CMakeFiles/cmTC_a2024.dir/CMakeCCompilerABI.c.o.d -skip-unused-modulemap-deps -sys-header-deps -MT CMakeFiles/cmTC_a2024.dir/CMakeCCompilerABI.c.o -isysroot /Library/Developer/CommandLineTools/SDKs/MacOSX10.14.sdk -Wno-atomic-implicit-seq-cst -Wno-framework-include-private-from-public -Wno-atimport-in-framework-header -Wno-quoted-include-in-framework-header -fdebug-compilation-dir /Users/maestrotrastanechora/Downloads/New OTTD/openttd-1.11.2/build/CMakeFiles/CMakeTmp -ferror-limit 19 -fmessage-length 0 -stack-protector 1 -fblocks -fencode-extended-block-signature -fregister-global-dtors-with-atexit -fobjc-runtime=macosx-10.14.0 -fmax-type-align=16 -fdiagnostics-show-option -o CMakeFiles/cmTC_a2024.dir/CMakeCCompilerABI.c.o -x c /usr/local/Cellar/cmake/3.20.3/share/cmake/Modules/CMakeCCompilerABI.c
clang -cc1 version 10.0.1 (clang-1001.0.46.4) default target x86_64-apple-darwin18.5.0
ignoring nonexistent directory "/Library/Developer/CommandLineTools/SDKs/MacOSX10.14.sdk/usr/local/include"
ignoring nonexistent directory "/Library/Developer/CommandLineTools/SDKs/MacOSX10.14.sdk/Library/Frameworks"
#include "..." search starts here:
#include <...> search starts here:
 /Library/Developer/CommandLineTools/usr/lib/clang/10.0.1/include
 /Library/Developer/CommandLineTools/usr/include
 /Library/Developer/CommandLineTools/SDKs/MacOSX10.14.sdk/usr/include
 /Library/Developer/CommandLineTools/SDKs/MacOSX10.14.sdk/System/Library/Frameworks (framework directory)
End of search list.
Linking C executable cmTC_a2024
/usr/local/Cellar/cmake/3.20.3/bin/cmake -E cmake_link_script CMakeFiles/cmTC_a2024.dir/link.txt --verbose=1
/Library/Developer/CommandLineTools/usr/bin/cc  -isysroot /Library/Developer/CommandLineTools/SDKs/MacOSX10.14.sdk -Wl,-search_paths_first -Wl,-headerpad_max_install_names  -v -Wl,-v CMakeFiles/cmTC_a2024.dir/CMakeCCompilerABI.c.o -o cmTC_a2024 
Apple LLVM version 10.0.1 (clang-1001.0.46.4)
Target: x86_64-apple-darwin18.5.0
Thread model: posix
InstalledDir: /Library/Developer/CommandLineTools/usr/bin
 "/Library/Developer/CommandLineTools/usr/bin/ld" -demangle -lto_library /Library/Developer/CommandLineTools/usr/lib/libLTO.dylib -dynamic -arch x86_64 -macosx_version_min 10.14.0 -syslibroot /Library/Developer/CommandLineTools/SDKs/MacOSX10.14.sdk -o cmTC_a2024 -search_paths_first -headerpad_max_install_names -v CMakeFiles/cmTC_a2024.dir/CMakeCCompilerABI.c.o -lSystem /Library/Developer/CommandLineTools/usr/lib/clang/10.0.1/lib/darwin/libclang_rt.osx.a
@(#)PROGRAM:ld  PROJECT:ld64-450.3
BUILD 18:45:16 Apr  4 2019
configured to support archs: armv6 armv7 armv7s arm64 arm64e arm64_32 i386 x86_64 x86_64h armv6m armv7k armv7m armv7em
Library search paths:
	/Library/Developer/CommandLineTools/SDKs/MacOSX10.14.sdk/usr/lib
Framework search paths:
	/Library/Developer/CommandLineTools/SDKs/MacOSX10.14.sdk/System/Library/Frameworks/



Parsed C implicit include dir info from above output: rv=done
  found start of include info
  found start of implicit include info
    add: [/Library/Developer/CommandLineTools/usr/lib/clang/10.0.1/include]
    add: [/Library/Developer/CommandLineTools/usr/include]
    add: [/Library/Developer/CommandLineTools/SDKs/MacOSX10.14.sdk/usr/include]
  end of search list found
  collapse include dir [/Library/Developer/CommandLineTools/usr/lib/clang/10.0.1/include] ==> [/Library/Developer/CommandLineTools/usr/lib/clang/10.0.1/include]
  collapse include dir [/Library/Developer/CommandLineTools/usr/include] ==> [/Library/Developer/CommandLineTools/usr/include]
  collapse include dir [/Library/Developer/CommandLineTools/SDKs/MacOSX10.14.sdk/usr/include] ==> [/Library/Developer/CommandLineTools/SDKs/MacOSX10.14.sdk/usr/include]
  implicit include dirs: [/Library/Developer/CommandLineTools/usr/lib/clang/10.0.1/include;/Library/Developer/CommandLineTools/usr/include;/Library/Developer/CommandLineTools/SDKs/MacOSX10.14.sdk/usr/include]


Parsed C implicit link information from above output:
  link line regex: [^( *|.*[/\])(ld|CMAKE_LINK_STARTFILE-NOTFOUND|([^/\]+-)?ld|collect2)[^/\]*( |$)]
  ignore line: [Change Dir: /Users/maestrotrastanechora/Downloads/New OTTD/openttd-1.11.2/build/CMakeFiles/CMakeTmp]
  ignore line: []
  ignore line: [Run Build Command(s):/usr/bin/make -f Makefile cmTC_a2024/fast && /Library/Developer/CommandLineTools/usr/bin/make  -f CMakeFiles/cmTC_a2024.dir/build.make CMakeFiles/cmTC_a2024.dir/build]
  ignore line: [Building C object CMakeFiles/cmTC_a2024.dir/CMakeCCompilerABI.c.o]
  ignore line: [/Library/Developer/CommandLineTools/usr/bin/cc   -isysroot /Library/Developer/CommandLineTools/SDKs/MacOSX10.14.sdk   -v -Wl -v -MD -MT CMakeFiles/cmTC_a2024.dir/CMakeCCompilerABI.c.o -MF CMakeFiles/cmTC_a2024.dir/CMakeCCompilerABI.c.o.d -o CMakeFiles/cmTC_a2024.dir/CMakeCCompilerABI.c.o -c /usr/local/Cellar/cmake/3.20.3/share/cmake/Modules/CMakeCCompilerABI.c]
  ignore line: [Apple LLVM version 10.0.1 (clang-1001.0.46.4)]
  ignore line: [Target: x86_64-apple-darwin18.5.0]
  ignore line: [Thread model: posix]
  ignore line: [InstalledDir: /Library/Developer/CommandLineTools/usr/bin]
  ignore line: [clang: warning: -Wl -v: 'linker' input unused [-Wunused-command-line-argument]]
  ignore line: [ "/Library/Developer/CommandLineTools/usr/bin/clang" -cc1 -triple x86_64-apple-macosx10.14.0 -Wdeprecated-objc-isa-usage -Werror=deprecated-objc-isa-usage -emit-obj -mrelax-all -disable-free -disable-llvm-verifier -discard-value-names -main-file-name CMakeCCompilerABI.c -mrelocation-model pic -pic-level 2 -mthread-model posix -mdisable-fp-elim -fno-strict-return -masm-verbose -munwind-tables -target-sdk-version=10.14 -target-cpu penryn -dwarf-column-info -debugger-tuning=lldb -target-linker-version 450.3 -v -coverage-notes-file /Users/maestrotrastanechora/Downloads/New OTTD/openttd-1.11.2/build/CMakeFiles/CMakeTmp/CMakeFiles/cmTC_a2024.dir/CMakeCCompilerABI.c.gcno -resource-dir /Library/Developer/CommandLineTools/usr/lib/clang/10.0.1 -dependency-file CMakeFiles/cmTC_a2024.dir/CMakeCCompilerABI.c.o.d -skip-unused-modulemap-deps -sys-header-deps -MT CMakeFiles/cmTC_a2024.dir/CMakeCCompilerABI.c.o -isysroot /Library/Developer/CommandLineTools/SDKs/MacOSX10.14.sdk -Wno-atomic-implicit-seq-cst -Wno-framework-include-private-from-public -Wno-atimport-in-framework-header -Wno-quoted-include-in-framework-header -fdebug-compilation-dir /Users/maestrotrastanechora/Downloads/New OTTD/openttd-1.11.2/build/CMakeFiles/CMakeTmp -ferror-limit 19 -fmessage-length 0 -stack-protector 1 -fblocks -fencode-extended-block-signature -fregister-global-dtors-with-atexit -fobjc-runtime=macosx-10.14.0 -fmax-type-align=16 -fdiagnostics-show-option -o CMakeFiles/cmTC_a2024.dir/CMakeCCompilerABI.c.o -x c /usr/local/Cellar/cmake/3.20.3/share/cmake/Modules/CMakeCCompilerABI.c]
  ignore line: [clang -cc1 version 10.0.1 (clang-1001.0.46.4) default target x86_64-apple-darwin18.5.0]
  ignore line: [ignoring nonexistent directory "/Library/Developer/CommandLineTools/SDKs/MacOSX10.14.sdk/usr/local/include"]
  ignore line: [ignoring nonexistent directory "/Library/Developer/CommandLineTools/SDKs/MacOSX10.14.sdk/Library/Frameworks"]
  ignore line: [#include "..." search starts here:]
  ignore line: [#include <...> search starts here:]
  ignore line: [ /Library/Developer/CommandLineTools/usr/lib/clang/10.0.1/include]
  ignore line: [ /Library/Developer/CommandLineTools/usr/include]
  ignore line: [ /Library/Developer/CommandLineTools/SDKs/MacOSX10.14.sdk/usr/include]
  ignore line: [ /Library/Developer/CommandLineTools/SDKs/MacOSX10.14.sdk/System/Library/Frameworks (framework directory)]
  ignore line: [End of search list.]
  ignore line: [Linking C executable cmTC_a2024]
  ignore line: [/usr/local/Cellar/cmake/3.20.3/bin/cmake -E cmake_link_script CMakeFiles/cmTC_a2024.dir/link.txt --verbose=1]
  ignore line: [/Library/Developer/CommandLineTools/usr/bin/cc  -isysroot /Library/Developer/CommandLineTools/SDKs/MacOSX10.14.sdk -Wl -search_paths_first -Wl -headerpad_max_install_names  -v -Wl -v CMakeFiles/cmTC_a2024.dir/CMakeCCompilerABI.c.o -o cmTC_a2024 ]
  ignore line: [Apple LLVM version 10.0.1 (clang-1001.0.46.4)]
  ignore line: [Target: x86_64-apple-darwin18.5.0]
  ignore line: [Thread model: posix]
  ignore line: [InstalledDir: /Library/Developer/CommandLineTools/usr/bin]
  link line: [ "/Library/Developer/CommandLineTools/usr/bin/ld" -demangle -lto_library /Library/Developer/CommandLineTools/usr/lib/libLTO.dylib -dynamic -arch x86_64 -macosx_version_min 10.14.0 -syslibroot /Library/Developer/CommandLineTools/SDKs/MacOSX10.14.sdk -o cmTC_a2024 -search_paths_first -headerpad_max_install_names -v CMakeFiles/cmTC_a2024.dir/CMakeCCompilerABI.c.o -lSystem /Library/Developer/CommandLineTools/usr/lib/clang/10.0.1/lib/darwin/libclang_rt.osx.a]
    arg [/Library/Developer/CommandLineTools/usr/bin/ld] ==> ignore
    arg [-demangle] ==> ignore
    arg [-lto_library] ==> ignore, skip following value
    arg [/Library/Developer/CommandLineTools/usr/lib/libLTO.dylib] ==> skip value of -lto_library
    arg [-dynamic] ==> ignore
    arg [-arch] ==> ignore
    arg [x86_64] ==> ignore
    arg [-macosx_version_min] ==> ignore
    arg [10.14.0] ==> ignore
    arg [-syslibroot] ==> ignore
    arg [/Library/Developer/CommandLineTools/SDKs/MacOSX10.14.sdk] ==> ignore
    arg [-o] ==> ignore
    arg [cmTC_a2024] ==> ignore
    arg [-search_paths_first] ==> ignore
    arg [-headerpad_max_install_names] ==> ignore
    arg [-v] ==> ignore
    arg [CMakeFiles/cmTC_a2024.dir/CMakeCCompilerABI.c.o] ==> ignore
    arg [-lSystem] ==> lib [System]
    arg [/Library/Developer/CommandLineTools/usr/lib/clang/10.0.1/lib/darwin/libclang_rt.osx.a] ==> lib [/Library/Developer/CommandLineTools/usr/lib/clang/10.0.1/lib/darwin/libclang_rt.osx.a]
  Library search paths: [;/Library/Developer/CommandLineTools/SDKs/MacOSX10.14.sdk/usr/lib]
  Framework search paths: [;/Library/Developer/CommandLineTools/SDKs/MacOSX10.14.sdk/System/Library/Frameworks/]
  remove lib [System]
  remove lib [/Library/Developer/CommandLineTools/usr/lib/clang/10.0.1/lib/darwin/libclang_rt.osx.a]
  collapse library dir [/Library/Developer/CommandLineTools/SDKs/MacOSX10.14.sdk/usr/lib] ==> [/Library/Developer/CommandLineTools/SDKs/MacOSX10.14.sdk/usr/lib]
  collapse framework dir [/Library/Developer/CommandLineTools/SDKs/MacOSX10.14.sdk/System/Library/Frameworks/] ==> [/Library/Developer/CommandLineTools/SDKs/MacOSX10.14.sdk/System/Library/Frameworks]
  implicit libs: []
  implicit objs: []
  implicit dirs: [/Library/Developer/CommandLineTools/SDKs/MacOSX10.14.sdk/usr/lib]
  implicit fwks: [/Library/Developer/CommandLineTools/SDKs/MacOSX10.14.sdk/System/Library/Frameworks]


Detecting CXX compiler ABI info compiled with the following output:
Change Dir: /Users/maestrotrastanechora/Downloads/New OTTD/openttd-1.11.2/build/CMakeFiles/CMakeTmp

Run Build Command(s):/usr/bin/make -f Makefile cmTC_ad8d4/fast && /Library/Developer/CommandLineTools/usr/bin/make  -f CMakeFiles/cmTC_ad8d4.dir/build.make CMakeFiles/cmTC_ad8d4.dir/build
Building CXX object CMakeFiles/cmTC_ad8d4.dir/CMakeCXXCompilerABI.cpp.o
/Library/Developer/CommandLineTools/usr/bin/c++   -isysroot /Library/Developer/CommandLineTools/SDKs/MacOSX10.14.sdk   -v -Wl,-v -MD -MT CMakeFiles/cmTC_ad8d4.dir/CMakeCXXCompilerABI.cpp.o -MF CMakeFiles/cmTC_ad8d4.dir/CMakeCXXCompilerABI.cpp.o.d -o CMakeFiles/cmTC_ad8d4.dir/CMakeCXXCompilerABI.cpp.o -c /usr/local/Cellar/cmake/3.20.3/share/cmake/Modules/CMakeCXXCompilerABI.cpp
Apple LLVM version 10.0.1 (clang-1001.0.46.4)
Target: x86_64-apple-darwin18.5.0
Thread model: posix
InstalledDir: /Library/Developer/CommandLineTools/usr/bin
clang: warning: -Wl,-v: 'linker' input unused [-Wunused-command-line-argument]
 "/Library/Developer/CommandLineTools/usr/bin/clang" -cc1 -triple x86_64-apple-macosx10.14.0 -Wdeprecated-objc-isa-usage -Werror=deprecated-objc-isa-usage -emit-obj -mrelax-all -disable-free -disable-llvm-verifier -discard-value-names -main-file-name CMakeCXXCompilerABI.cpp -mrelocation-model pic -pic-level 2 -mthread-model posix -mdisable-fp-elim -fno-strict-return -masm-verbose -munwind-tables -target-sdk-version=10.14 -target-cpu penryn -dwarf-column-info -debugger-tuning=lldb -target-linker-version 450.3 -v -coverage-notes-file /Users/maestrotrastanechora/Downloads/New OTTD/openttd-1.11.2/build/CMakeFiles/CMakeTmp/CMakeFiles/cmTC_ad8d4.dir/CMakeCXXCompilerABI.cpp.gcno -resource-dir /Library/Developer/CommandLineTools/usr/lib/clang/10.0.1 -dependency-file CMakeFiles/cmTC_ad8d4.dir/CMakeCXXCompilerABI.cpp.o.d -skip-unused-modulemap-deps -sys-header-deps -MT CMakeFiles/cmTC_ad8d4.dir/CMakeCXXCompilerABI.cpp.o -isysroot /Library/Developer/CommandLineTools/SDKs/MacOSX10.14.sdk -stdlib=libc++ -Wno-atomic-implicit-seq-cst -Wno-framework-include-private-from-public -Wno-atimport-in-framework-header -Wno-quoted-include-in-framework-header -fdeprecated-macro -fdebug-compilation-dir /Users/maestrotrastanechora/Downloads/New OTTD/openttd-1.11.2/build/CMakeFiles/CMakeTmp -ferror-limit 19 -fmessage-length 0 -stack-protector 1 -fblocks -fencode-extended-block-signature -fregister-global-dtors-with-atexit -fobjc-runtime=macosx-10.14.0 -fcxx-exceptions -fexceptions -fmax-type-align=16 -fdiagnostics-show-option -o CMakeFiles/cmTC_ad8d4.dir/CMakeCXXCompilerABI.cpp.o -x c++ /usr/local/Cellar/cmake/3.20.3/share/cmake/Modules/CMakeCXXCompilerABI.cpp
clang -cc1 version 10.0.1 (clang-1001.0.46.4) default target x86_64-apple-darwin18.5.0
ignoring nonexistent directory "/Library/Developer/CommandLineTools/SDKs/MacOSX10.14.sdk/usr/include/c++/v1"
ignoring nonexistent directory "/Library/Developer/CommandLineTools/SDKs/MacOSX10.14.sdk/usr/local/include"
ignoring nonexistent directory "/Library/Developer/CommandLineTools/SDKs/MacOSX10.14.sdk/Library/Frameworks"
#include "..." search starts here:
#include <...> search starts here:
 /Library/Developer/CommandLineTools/usr/include/c++/v1
 /Library/Developer/CommandLineTools/usr/lib/clang/10.0.1/include
 /Library/Developer/CommandLineTools/usr/include
 /Library/Developer/CommandLineTools/SDKs/MacOSX10.14.sdk/usr/include
 /Library/Developer/CommandLineTools/SDKs/MacOSX10.14.sdk/System/Library/Frameworks (framework directory)
End of search list.
Linking CXX executable cmTC_ad8d4
/usr/local/Cellar/cmake/3.20.3/bin/cmake -E cmake_link_script CMakeFiles/cmTC_ad8d4.dir/link.txt --verbose=1
/Library/Developer/CommandLineTools/usr/bin/c++  -isysroot /Library/Developer/CommandLineTools/SDKs/MacOSX10.14.sdk -Wl,-search_paths_first -Wl,-headerpad_max_install_names  -v -Wl,-v CMakeFiles/cmTC_ad8d4.dir/CMakeCXXCompilerABI.cpp.o -o cmTC_ad8d4 
Apple LLVM version 10.0.1 (clang-1001.0.46.4)
Target: x86_64-apple-darwin18.5.0
Thread model: posix
InstalledDir: /Library/Developer/CommandLineTools/usr/bin
 "/Library/Developer/CommandLineTools/usr/bin/ld" -demangle -lto_library /Library/Developer/CommandLineTools/usr/lib/libLTO.dylib -dynamic -arch x86_64 -macosx_version_min 10.14.0 -syslibroot /Library/Developer/CommandLineTools/SDKs/MacOSX10.14.sdk -o cmTC_ad8d4 -search_paths_first -headerpad_max_install_names -v CMakeFiles/cmTC_ad8d4.dir/CMakeCXXCompilerABI.cpp.o -lc++ -lSystem /Library/Developer/CommandLineTools/usr/lib/clang/10.0.1/lib/darwin/libclang_rt.osx.a
@(#)PROGRAM:ld  PROJECT:ld64-450.3
BUILD 18:45:16 Apr  4 2019
configured to support archs: armv6 armv7 armv7s arm64 arm64e arm64_32 i386 x86_64 x86_64h armv6m armv7k armv7m armv7em
Library search paths:
	/Library/Developer/CommandLineTools/SDKs/MacOSX10.14.sdk/usr/lib
Framework search paths:
	/Library/Developer/CommandLineTools/SDKs/MacOSX10.14.sdk/System/Library/Frameworks/



Parsed CXX implicit include dir info from above output: rv=done
  found start of include info
  found start of implicit include info
    add: [/Library/Developer/CommandLineTools/usr/include/c++/v1]
    add: [/Library/Developer/CommandLineTools/usr/lib/clang/10.0.1/include]
    add: [/Library/Developer/CommandLineTools/usr/include]
    add: [/Library/Developer/CommandLineTools/SDKs/MacOSX10.14.sdk/usr/include]
  end of search list found
  collapse include dir [/Library/Developer/CommandLineTools/usr/include/c++/v1] ==> [/Library/Developer/CommandLineTools/usr/include/c++/v1]
  collapse include dir [/Library/Developer/CommandLineTools/usr/lib/clang/10.0.1/include] ==> [/Library/Developer/CommandLineTools/usr/lib/clang/10.0.1/include]
  collapse include dir [/Library/Developer/CommandLineTools/usr/include] ==> [/Library/Developer/CommandLineTools/usr/include]
  collapse include dir [/Library/Developer/CommandLineTools/SDKs/MacOSX10.14.sdk/usr/include] ==> [/Library/Developer/CommandLineTools/SDKs/MacOSX10.14.sdk/usr/include]
  implicit include dirs: [/Library/Developer/CommandLineTools/usr/include/c++/v1;/Library/Developer/CommandLineTools/usr/lib/clang/10.0.1/include;/Library/Developer/CommandLineTools/usr/include;/Library/Developer/CommandLineTools/SDKs/MacOSX10.14.sdk/usr/include]


Parsed CXX implicit link information from above output:
  link line regex: [^( *|.*[/\])(ld|CMAKE_LINK_STARTFILE-NOTFOUND|([^/\]+-)?ld|collect2)[^/\]*( |$)]
  ignore line: [Change Dir: /Users/maestrotrastanechora/Downloads/New OTTD/openttd-1.11.2/build/CMakeFiles/CMakeTmp]
  ignore line: []
  ignore line: [Run Build Command(s):/usr/bin/make -f Makefile cmTC_ad8d4/fast && /Library/Developer/CommandLineTools/usr/bin/make  -f CMakeFiles/cmTC_ad8d4.dir/build.make CMakeFiles/cmTC_ad8d4.dir/build]
  ignore line: [Building CXX object CMakeFiles/cmTC_ad8d4.dir/CMakeCXXCompilerABI.cpp.o]
  ignore line: [/Library/Developer/CommandLineTools/usr/bin/c++   -isysroot /Library/Developer/CommandLineTools/SDKs/MacOSX10.14.sdk   -v -Wl -v -MD -MT CMakeFiles/cmTC_ad8d4.dir/CMakeCXXCompilerABI.cpp.o -MF CMakeFiles/cmTC_ad8d4.dir/CMakeCXXCompilerABI.cpp.o.d -o CMakeFiles/cmTC_ad8d4.dir/CMakeCXXCompilerABI.cpp.o -c /usr/local/Cellar/cmake/3.20.3/share/cmake/Modules/CMakeCXXCompilerABI.cpp]
  ignore line: [Apple LLVM version 10.0.1 (clang-1001.0.46.4)]
  ignore line: [Target: x86_64-apple-darwin18.5.0]
  ignore line: [Thread model: posix]
  ignore line: [InstalledDir: /Library/Developer/CommandLineTools/usr/bin]
  ignore line: [clang: warning: -Wl -v: 'linker' input unused [-Wunused-command-line-argument]]
  ignore line: [ "/Library/Developer/CommandLineTools/usr/bin/clang" -cc1 -triple x86_64-apple-macosx10.14.0 -Wdeprecated-objc-isa-usage -Werror=deprecated-objc-isa-usage -emit-obj -mrelax-all -disable-free -disable-llvm-verifier -discard-value-names -main-file-name CMakeCXXCompilerABI.cpp -mrelocation-model pic -pic-level 2 -mthread-model posix -mdisable-fp-elim -fno-strict-return -masm-verbose -munwind-tables -target-sdk-version=10.14 -target-cpu penryn -dwarf-column-info -debugger-tuning=lldb -target-linker-version 450.3 -v -coverage-notes-file /Users/maestrotrastanechora/Downloads/New OTTD/openttd-1.11.2/build/CMakeFiles/CMakeTmp/CMakeFiles/cmTC_ad8d4.dir/CMakeCXXCompilerABI.cpp.gcno -resource-dir /Library/Developer/CommandLineTools/usr/lib/clang/10.0.1 -dependency-file CMakeFiles/cmTC_ad8d4.dir/CMakeCXXCompilerABI.cpp.o.d -skip-unused-modulemap-deps -sys-header-deps -MT CMakeFiles/cmTC_ad8d4.dir/CMakeCXXCompilerABI.cpp.o -isysroot /Library/Developer/CommandLineTools/SDKs/MacOSX10.14.sdk -stdlib=libc++ -Wno-atomic-implicit-seq-cst -Wno-framework-include-private-from-public -Wno-atimport-in-framework-header -Wno-quoted-include-in-framework-header -fdeprecated-macro -fdebug-compilation-dir /Users/maestrotrastanechora/Downloads/New OTTD/openttd-1.11.2/build/CMakeFiles/CMakeTmp -ferror-limit 19 -fmessage-length 0 -stack-protector 1 -fblocks -fencode-extended-block-signature -fregister-global-dtors-with-atexit -fobjc-runtime=macosx-10.14.0 -fcxx-exceptions -fexceptions -fmax-type-align=16 -fdiagnostics-show-option -o CMakeFiles/cmTC_ad8d4.dir/CMakeCXXCompilerABI.cpp.o -x c++ /usr/local/Cellar/cmake/3.20.3/share/cmake/Modules/CMakeCXXCompilerABI.cpp]
  ignore line: [clang -cc1 version 10.0.1 (clang-1001.0.46.4) default target x86_64-apple-darwin18.5.0]
  ignore line: [ignoring nonexistent directory "/Library/Developer/CommandLineTools/SDKs/MacOSX10.14.sdk/usr/include/c++/v1"]
  ignore line: [ignoring nonexistent directory "/Library/Developer/CommandLineTools/SDKs/MacOSX10.14.sdk/usr/local/include"]
  ignore line: [ignoring nonexistent directory "/Library/Developer/CommandLineTools/SDKs/MacOSX10.14.sdk/Library/Frameworks"]
  ignore line: [#include "..." search starts here:]
  ignore line: [#include <...> search starts here:]
  ignore line: [ /Library/Developer/CommandLineTools/usr/include/c++/v1]
  ignore line: [ /Library/Developer/CommandLineTools/usr/lib/clang/10.0.1/include]
  ignore line: [ /Library/Developer/CommandLineTools/usr/include]
  ignore line: [ /Library/Developer/CommandLineTools/SDKs/MacOSX10.14.sdk/usr/include]
  ignore line: [ /Library/Developer/CommandLineTools/SDKs/MacOSX10.14.sdk/System/Library/Frameworks (framework directory)]
  ignore line: [End of search list.]
  ignore line: [Linking CXX executable cmTC_ad8d4]
  ignore line: [/usr/local/Cellar/cmake/3.20.3/bin/cmake -E cmake_link_script CMakeFiles/cmTC_ad8d4.dir/link.txt --verbose=1]
  ignore line: [/Library/Developer/CommandLineTools/usr/bin/c++  -isysroot /Library/Developer/CommandLineTools/SDKs/MacOSX10.14.sdk -Wl -search_paths_first -Wl -headerpad_max_install_names  -v -Wl -v CMakeFiles/cmTC_ad8d4.dir/CMakeCXXCompilerABI.cpp.o -o cmTC_ad8d4 ]
  ignore line: [Apple LLVM version 10.0.1 (clang-1001.0.46.4)]
  ignore line: [Target: x86_64-apple-darwin18.5.0]
  ignore line: [Thread model: posix]
  ignore line: [InstalledDir: /Library/Developer/CommandLineTools/usr/bin]
  link line: [ "/Library/Developer/CommandLineTools/usr/bin/ld" -demangle -lto_library /Library/Developer/CommandLineTools/usr/lib/libLTO.dylib -dynamic -arch x86_64 -macosx_version_min 10.14.0 -syslibroot /Library/Developer/CommandLineTools/SDKs/MacOSX10.14.sdk -o cmTC_ad8d4 -search_paths_first -headerpad_max_install_names -v CMakeFiles/cmTC_ad8d4.dir/CMakeCXXCompilerABI.cpp.o -lc++ -lSystem /Library/Developer/CommandLineTools/usr/lib/clang/10.0.1/lib/darwin/libclang_rt.osx.a]
    arg [/Library/Developer/CommandLineTools/usr/bin/ld] ==> ignore
    arg [-demangle] ==> ignore
    arg [-lto_library] ==> ignore, skip following value
    arg [/Library/Developer/CommandLineTools/usr/lib/libLTO.dylib] ==> skip value of -lto_library
    arg [-dynamic] ==> ignore
    arg [-arch] ==> ignore
    arg [x86_64] ==> ignore
    arg [-macosx_version_min] ==> ignore
    arg [10.14.0] ==> ignore
    arg [-syslibroot] ==> ignore
    arg [/Library/Developer/CommandLineTools/SDKs/MacOSX10.14.sdk] ==> ignore
    arg [-o] ==> ignore
    arg [cmTC_ad8d4] ==> ignore
    arg [-search_paths_first] ==> ignore
    arg [-headerpad_max_install_names] ==> ignore
    arg [-v] ==> ignore
    arg [CMakeFiles/cmTC_ad8d4.dir/CMakeCXXCompilerABI.cpp.o] ==> ignore
    arg [-lc++] ==> lib [c++]
    arg [-lSystem] ==> lib [System]
    arg [/Library/Developer/CommandLineTools/usr/lib/clang/10.0.1/lib/darwin/libclang_rt.osx.a] ==> lib [/Library/Developer/CommandLineTools/usr/lib/clang/10.0.1/lib/darwin/libclang_rt.osx.a]
  Library search paths: [;/Library/Developer/CommandLineTools/SDKs/MacOSX10.14.sdk/usr/lib]
  Framework search paths: [;/Library/Developer/CommandLineTools/SDKs/MacOSX10.14.sdk/System/Library/Frameworks/]
  remove lib [System]
  remove lib [/Library/Developer/CommandLineTools/usr/lib/clang/10.0.1/lib/darwin/libclang_rt.osx.a]
  collapse library dir [/Library/Developer/CommandLineTools/SDKs/MacOSX10.14.sdk/usr/lib] ==> [/Library/Developer/CommandLineTools/SDKs/MacOSX10.14.sdk/usr/lib]
  collapse framework dir [/Library/Developer/CommandLineTools/SDKs/MacOSX10.14.sdk/System/Library/Frameworks/] ==> [/Library/Developer/CommandLineTools/SDKs/MacOSX10.14.sdk/System/Library/Frameworks]
  implicit libs: [c++]
  implicit objs: []
  implicit dirs: [/Library/Developer/CommandLineTools/SDKs/MacOSX10.14.sdk/usr/lib]
  implicit fwks: [/Library/Developer/CommandLineTools/SDKs/MacOSX10.14.sdk/System/Library/Frameworks]


Performing C++ SOURCE FILE Test NO_SSE4_FOUND succeeded with the following output:
Change Dir: /Users/maestrotrastanechora/Downloads/New OTTD/openttd-1.11.2/build/CMakeFiles/CMakeTmp

Run Build Command(s):/usr/bin/make -f Makefile cmTC_129bf/fast && /Library/Developer/CommandLineTools/usr/bin/make  -f CMakeFiles/cmTC_129bf.dir/build.make CMakeFiles/cmTC_129bf.dir/build
Building CXX object CMakeFiles/cmTC_129bf.dir/src.cxx.o
/Library/Developer/CommandLineTools/usr/bin/c++ -DNO_SSE4_FOUND  -isysroot /Library/Developer/CommandLineTools/SDKs/MacOSX10.14.sdk -mmacosx-version-min=10.9   -mno-sse4 -std=c++17 -MD -MT CMakeFiles/cmTC_129bf.dir/src.cxx.o -MF CMakeFiles/cmTC_129bf.dir/src.cxx.o.d -o CMakeFiles/cmTC_129bf.dir/src.cxx.o -c "/Users/maestrotrastanechora/Downloads/New OTTD/openttd-1.11.2/build/CMakeFiles/CMakeTmp/src.cxx"
Linking CXX executable cmTC_129bf
/usr/local/Cellar/cmake/3.20.3/bin/cmake -E cmake_link_script CMakeFiles/cmTC_129bf.dir/link.txt --verbose=1
/Library/Developer/CommandLineTools/usr/bin/c++  -isysroot /Library/Developer/CommandLineTools/SDKs/MacOSX10.14.sdk -mmacosx-version-min=10.9 -Wl,-search_paths_first -Wl,-headerpad_max_install_names CMakeFiles/cmTC_129bf.dir/src.cxx.o -o cmTC_129bf 


Source file was:
int main() { return 0; }
Determining if the include file pthread.h exists passed with the following output:
Change Dir: /Users/maestrotrastanechora/Downloads/New OTTD/openttd-1.11.2/build/CMakeFiles/CMakeTmp

Run Build Command(s):/usr/bin/make -f Makefile cmTC_f1fb0/fast && /Library/Developer/CommandLineTools/usr/bin/make  -f CMakeFiles/cmTC_f1fb0.dir/build.make CMakeFiles/cmTC_f1fb0.dir/build
Building C object CMakeFiles/cmTC_f1fb0.dir/CheckIncludeFile.c.o
/Library/Developer/CommandLineTools/usr/bin/cc   -isysroot /Library/Developer/CommandLineTools/SDKs/MacOSX10.14.sdk -mmacosx-version-min=10.9 -MD -MT CMakeFiles/cmTC_f1fb0.dir/CheckIncludeFile.c.o -MF CMakeFiles/cmTC_f1fb0.dir/CheckIncludeFile.c.o.d -o CMakeFiles/cmTC_f1fb0.dir/CheckIncludeFile.c.o -c "/Users/maestrotrastanechora/Downloads/New OTTD/openttd-1.11.2/build/CMakeFiles/CMakeTmp/CheckIncludeFile.c"
Linking C executable cmTC_f1fb0
/usr/local/Cellar/cmake/3.20.3/bin/cmake -E cmake_link_script CMakeFiles/cmTC_f1fb0.dir/link.txt --verbose=1
/Library/Developer/CommandLineTools/usr/bin/cc  -isysroot /Library/Developer/CommandLineTools/SDKs/MacOSX10.14.sdk -mmacosx-version-min=10.9 -Wl,-search_paths_first -Wl,-headerpad_max_install_names  -rdynamic  CMakeFiles/cmTC_f1fb0.dir/CheckIncludeFile.c.o -o cmTC_f1fb0 



Performing C SOURCE FILE Test CMAKE_HAVE_LIBC_PTHREAD succeeded with the following output:
Change Dir: /Users/maestrotrastanechora/Downloads/New OTTD/openttd-1.11.2/build/CMakeFiles/CMakeTmp

Run Build Command(s):/usr/bin/make -f Makefile cmTC_10c13/fast && /Library/Developer/CommandLineTools/usr/bin/make  -f CMakeFiles/cmTC_10c13.dir/build.make CMakeFiles/cmTC_10c13.dir/build
Building C object CMakeFiles/cmTC_10c13.dir/src.c.o
/Library/Developer/CommandLineTools/usr/bin/cc -DCMAKE_HAVE_LIBC_PTHREAD  -isysroot /Library/Developer/CommandLineTools/SDKs/MacOSX10.14.sdk -mmacosx-version-min=10.9 -MD -MT CMakeFiles/cmTC_10c13.dir/src.c.o -MF CMakeFiles/cmTC_10c13.dir/src.c.o.d -o CMakeFiles/cmTC_10c13.dir/src.c.o -c "/Users/maestrotrastanechora/Downloads/New OTTD/openttd-1.11.2/build/CMakeFiles/CMakeTmp/src.c"
Linking C executable cmTC_10c13
/usr/local/Cellar/cmake/3.20.3/bin/cmake -E cmake_link_script CMakeFiles/cmTC_10c13.dir/link.txt --verbose=1
/Library/Developer/CommandLineTools/usr/bin/cc  -isysroot /Library/Developer/CommandLineTools/SDKs/MacOSX10.14.sdk -mmacosx-version-min=10.9 -Wl,-search_paths_first -Wl,-headerpad_max_install_names  -rdynamic  CMakeFiles/cmTC_10c13.dir/src.c.o -o cmTC_10c13 


Source file was:
#include <pthread.h>

static void* test_func(void* data)
{
  return data;
}

int main(void)
{
  pthread_t thread;
  pthread_create(&thread, NULL, test_func, NULL);
  pthread_detach(thread);
  pthread_cancel(thread);
  pthread_join(thread, NULL);
  pthread_atfork(NULL, NULL, NULL);
  pthread_exit(NULL);

  return 0;
}

Determining if the function lzma_auto_decoder exists in the /Library/Developer/CommandLineTools/SDKs/MacOSX10.14.sdk/usr/lib/liblzma.tbd passed with the following output:
Change Dir: /Users/maestrotrastanechora/Downloads/New OTTD/openttd-1.11.2/build/CMakeFiles/CMakeTmp

Run Build Command(s):/usr/bin/make -f Makefile cmTC_0ff22/fast && /Library/Developer/CommandLineTools/usr/bin/make  -f CMakeFiles/cmTC_0ff22.dir/build.make CMakeFiles/cmTC_0ff22.dir/build
Building C object CMakeFiles/cmTC_0ff22.dir/CheckFunctionExists.c.o
/Library/Developer/CommandLineTools/usr/bin/cc   -DCHECK_FUNCTION_EXISTS=lzma_auto_decoder -isysroot /Library/Developer/CommandLineTools/SDKs/MacOSX10.14.sdk -mmacosx-version-min=10.9 -MD -MT CMakeFiles/cmTC_0ff22.dir/CheckFunctionExists.c.o -MF CMakeFiles/cmTC_0ff22.dir/CheckFunctionExists.c.o.d -o CMakeFiles/cmTC_0ff22.dir/CheckFunctionExists.c.o -c /usr/local/Cellar/cmake/3.20.3/share/cmake/Modules/CheckFunctionExists.c
Linking C executable cmTC_0ff22
/usr/local/Cellar/cmake/3.20.3/bin/cmake -E cmake_link_script CMakeFiles/cmTC_0ff22.dir/link.txt --verbose=1
/Library/Developer/CommandLineTools/usr/bin/cc  -DCHECK_FUNCTION_EXISTS=lzma_auto_decoder -isysroot /Library/Developer/CommandLineTools/SDKs/MacOSX10.14.sdk -mmacosx-version-min=10.9 -Wl,-search_paths_first -Wl,-headerpad_max_install_names  -rdynamic  CMakeFiles/cmTC_0ff22.dir/CheckFunctionExists.c.o -o cmTC_0ff22  /Library/Developer/CommandLineTools/SDKs/MacOSX10.14.sdk/usr/lib/liblzma.tbd 



Determining if the function lzma_easy_encoder exists in the /Library/Developer/CommandLineTools/SDKs/MacOSX10.14.sdk/usr/lib/liblzma.tbd passed with the following output:
Change Dir: /Users/maestrotrastanechora/Downloads/New OTTD/openttd-1.11.2/build/CMakeFiles/CMakeTmp

Run Build Command(s):/usr/bin/make -f Makefile cmTC_73438/fast && /Library/Developer/CommandLineTools/usr/bin/make  -f CMakeFiles/cmTC_73438.dir/build.make CMakeFiles/cmTC_73438.dir/build
Building C object CMakeFiles/cmTC_73438.dir/CheckFunctionExists.c.o
/Library/Developer/CommandLineTools/usr/bin/cc   -DCHECK_FUNCTION_EXISTS=lzma_easy_encoder -isysroot /Library/Developer/CommandLineTools/SDKs/MacOSX10.14.sdk -mmacosx-version-min=10.9 -MD -MT CMakeFiles/cmTC_73438.dir/CheckFunctionExists.c.o -MF CMakeFiles/cmTC_73438.dir/CheckFunctionExists.c.o.d -o CMakeFiles/cmTC_73438.dir/CheckFunctionExists.c.o -c /usr/local/Cellar/cmake/3.20.3/share/cmake/Modules/CheckFunctionExists.c
Linking C executable cmTC_73438
/usr/local/Cellar/cmake/3.20.3/bin/cmake -E cmake_link_script CMakeFiles/cmTC_73438.dir/link.txt --verbose=1
/Library/Developer/CommandLineTools/usr/bin/cc  -DCHECK_FUNCTION_EXISTS=lzma_easy_encoder -isysroot /Library/Developer/CommandLineTools/SDKs/MacOSX10.14.sdk -mmacosx-version-min=10.9 -Wl,-search_paths_first -Wl,-headerpad_max_install_names  -rdynamic  CMakeFiles/cmTC_73438.dir/CheckFunctionExists.c.o -o cmTC_73438  /Library/Developer/CommandLineTools/SDKs/MacOSX10.14.sdk/usr/lib/liblzma.tbd 



Determining if the function lzma_lzma_preset exists in the /Library/Developer/CommandLineTools/SDKs/MacOSX10.14.sdk/usr/lib/liblzma.tbd passed with the following output:
Change Dir: /Users/maestrotrastanechora/Downloads/New OTTD/openttd-1.11.2/build/CMakeFiles/CMakeTmp

Run Build Command(s):/usr/bin/make -f Makefile cmTC_334cd/fast && /Library/Developer/CommandLineTools/usr/bin/make  -f CMakeFiles/cmTC_334cd.dir/build.make CMakeFiles/cmTC_334cd.dir/build
Building C object CMakeFiles/cmTC_334cd.dir/CheckFunctionExists.c.o
/Library/Developer/CommandLineTools/usr/bin/cc   -DCHECK_FUNCTION_EXISTS=lzma_lzma_preset -isysroot /Library/Developer/CommandLineTools/SDKs/MacOSX10.14.sdk -mmacosx-version-min=10.9 -MD -MT CMakeFiles/cmTC_334cd.dir/CheckFunctionExists.c.o -MF CMakeFiles/cmTC_334cd.dir/CheckFunctionExists.c.o.d -o CMakeFiles/cmTC_334cd.dir/CheckFunctionExists.c.o -c /usr/local/Cellar/cmake/3.20.3/share/cmake/Modules/CheckFunctionExists.c
Linking C executable cmTC_334cd
/usr/local/Cellar/cmake/3.20.3/bin/cmake -E cmake_link_script CMakeFiles/cmTC_334cd.dir/link.txt --verbose=1
/Library/Developer/CommandLineTools/usr/bin/cc  -DCHECK_FUNCTION_EXISTS=lzma_lzma_preset -isysroot /Library/Developer/CommandLineTools/SDKs/MacOSX10.14.sdk -mmacosx-version-min=10.9 -Wl,-search_paths_first -Wl,-headerpad_max_install_names  -rdynamic  CMakeFiles/cmTC_334cd.dir/CheckFunctionExists.c.o -o cmTC_334cd  /Library/Developer/CommandLineTools/SDKs/MacOSX10.14.sdk/usr/lib/liblzma.tbd 



Performing C++ SOURCE FILE Test SSE_FOUND succeeded with the following output:
Change Dir: /Users/maestrotrastanechora/Downloads/New OTTD/openttd-1.11.2/build/CMakeFiles/CMakeTmp

Run Build Command(s):/usr/bin/make -f Makefile cmTC_1e85f/fast && /Library/Developer/CommandLineTools/usr/bin/make  -f CMakeFiles/cmTC_1e85f.dir/build.make CMakeFiles/cmTC_1e85f.dir/build
Building CXX object CMakeFiles/cmTC_1e85f.dir/src.cxx.o
/Library/Developer/CommandLineTools/usr/bin/c++ -DSSE_FOUND  -msse4.1 -isysroot /Library/Developer/CommandLineTools/SDKs/MacOSX10.14.sdk -mmacosx-version-min=10.9 -std=c++17 -MD -MT CMakeFiles/cmTC_1e85f.dir/src.cxx.o -MF CMakeFiles/cmTC_1e85f.dir/src.cxx.o.d -o CMakeFiles/cmTC_1e85f.dir/src.cxx.o -c "/Users/maestrotrastanechora/Downloads/New OTTD/openttd-1.11.2/build/CMakeFiles/CMakeTmp/src.cxx"
Linking CXX executable cmTC_1e85f
/usr/local/Cellar/cmake/3.20.3/bin/cmake -E cmake_link_script CMakeFiles/cmTC_1e85f.dir/link.txt --verbose=1
/Library/Developer/CommandLineTools/usr/bin/c++  -msse4.1 -isysroot /Library/Developer/CommandLineTools/SDKs/MacOSX10.14.sdk -mmacosx-version-min=10.9 -Wl,-search_paths_first -Wl,-headerpad_max_install_names  -rdynamic  CMakeFiles/cmTC_1e85f.dir/src.cxx.o -o cmTC_1e85f 


Source file was:

    #include <xmmintrin.h>
    #include <smmintrin.h>
    #include <tmmintrin.h>
    int main() { return 0; }
