Performing C SOURCE FILE Test Iconv_IS_BUILT_IN failed with the following output:
Change Dir: /Users/maestrotrastanechora/Downloads/New OTTD/openttd-1.11.2/build/CMakeFiles/CMakeTmp

Run Build Command(s):/usr/bin/make -f Makefile cmTC_cf1e0/fast && /Library/Developer/CommandLineTools/usr/bin/make  -f CMakeFiles/cmTC_cf1e0.dir/build.make CMakeFiles/cmTC_cf1e0.dir/build
Building C object CMakeFiles/cmTC_cf1e0.dir/src.c.o
/Library/Developer/CommandLineTools/usr/bin/cc -DIconv_IS_BUILT_IN  -isysroot /Library/Developer/CommandLineTools/SDKs/MacOSX10.14.sdk -mmacosx-version-min=10.9 -MD -MT CMakeFiles/cmTC_cf1e0.dir/src.c.o -MF CMakeFiles/cmTC_cf1e0.dir/src.c.o.d -o CMakeFiles/cmTC_cf1e0.dir/src.c.o -c "/Users/maestrotrastanechora/Downloads/New OTTD/openttd-1.11.2/build/CMakeFiles/CMakeTmp/src.c"
Linking C executable cmTC_cf1e0
/usr/local/Cellar/cmake/3.20.3/bin/cmake -E cmake_link_script CMakeFiles/cmTC_cf1e0.dir/link.txt --verbose=1
/Library/Developer/CommandLineTools/usr/bin/cc  -isysroot /Library/Developer/CommandLineTools/SDKs/MacOSX10.14.sdk -mmacosx-version-min=10.9 -Wl,-search_paths_first -Wl,-headerpad_max_install_names  -rdynamic  CMakeFiles/cmTC_cf1e0.dir/src.c.o -o cmTC_cf1e0 
Undefined symbols for architecture x86_64:
  "_iconv", referenced from:
      _main in src.c.o
  "_iconv_close", referenced from:
      _main in src.c.o
  "_iconv_open", referenced from:
      _main in src.c.o
ld: symbol(s) not found for architecture x86_64
clang: error: linker command failed with exit code 1 (use -v to see invocation)
make[1]: *** [cmTC_cf1e0] Error 1
make: *** [cmTC_cf1e0/fast] Error 2


Source file was:

      #include <stddef.h>
      #include <iconv.h>
      int main() {
        char *a, *b;
        size_t i, j;
        iconv_t ic;
        ic = iconv_open("to", "from");
        iconv(ic, &a, &i, &b, &j);
        iconv_close(ic);
      }
      
Performing C++ SOURCE FILE Test XAUDIO2_FOUND failed with the following output:
Change Dir: /Users/maestrotrastanechora/Downloads/New OTTD/openttd-1.11.2/build/CMakeFiles/CMakeTmp

Run Build Command(s):/usr/bin/make -f Makefile cmTC_4c18a/fast && /Library/Developer/CommandLineTools/usr/bin/make  -f CMakeFiles/cmTC_4c18a.dir/build.make CMakeFiles/cmTC_4c18a.dir/build
Building CXX object CMakeFiles/cmTC_4c18a.dir/src.cxx.o
/Library/Developer/CommandLineTools/usr/bin/c++ -DXAUDIO2_FOUND  -isysroot /Library/Developer/CommandLineTools/SDKs/MacOSX10.14.sdk -mmacosx-version-min=10.9 -std=c++17 -MD -MT CMakeFiles/cmTC_4c18a.dir/src.cxx.o -MF CMakeFiles/cmTC_4c18a.dir/src.cxx.o.d -o CMakeFiles/cmTC_4c18a.dir/src.cxx.o -c "/Users/maestrotrastanechora/Downloads/New OTTD/openttd-1.11.2/build/CMakeFiles/CMakeTmp/src.cxx"
/Users/maestrotrastanechora/Downloads/New OTTD/openttd-1.11.2/build/CMakeFiles/CMakeTmp/src.cxx:3:14: fatal error: 'windows.h' file not found
    #include <windows.h>
             ^~~~~~~~~~~
1 error generated.
make[1]: *** [CMakeFiles/cmTC_4c18a.dir/src.cxx.o] Error 1
make: *** [cmTC_4c18a/fast] Error 2


Source file was:

    #include <cstdio>
    #include <windows.h>

    #undef NTDDI_VERSION
    #undef _WIN32_WINNT

    #define NTDDI_VERSION    NTDDI_WIN8
    #define _WIN32_WINNT     _WIN32_WINNT_WIN8

    #include <xaudio2.h>
    int main() { printf("%s\n", XAUDIO2_DLL_A); return 0; }
